<?xml version="1.0" encoding="UTF-8"?>
<testng-results skipped="0" failed="0" total="1" passed="1">
  <reporter-output>
  </reporter-output>
  <suite name="Default suite" duration-ms="52" started-at="2018-04-15T16:05:52Z" finished-at="2018-04-15T16:05:52Z">
    <groups>
    </groups>
    <test name="Default test" duration-ms="52" started-at="2018-04-15T16:05:52Z" finished-at="2018-04-15T16:05:52Z">
      <class name="com.cdl.automator.XMLValidatorTest">
        <test-method status="PASS" signature="test()[pri:0, instance:com.cdl.automator.XMLValidatorTest@610694f1]" name="test" duration-ms="34" started-at="2018-04-15T21:35:52Z" finished-at="2018-04-15T21:35:52Z">
          <reporter-output>
          </reporter-output>
        </test-method> <!-- test -->
      </class> <!-- com.cdl.automator.XMLValidatorTest -->
    </test> <!-- Default test -->
  </suite> <!-- Default suite -->
</testng-results>
