<?xml version="1.0" encoding="UTF-8"?>
<testng-results skipped="0" failed="0" total="1" passed="1">
  <reporter-output>
  </reporter-output>
  <suite name="Default suite" duration-ms="90" started-at="2018-04-15T02:45:49Z" finished-at="2018-04-15T02:45:49Z">
    <groups>
    </groups>
    <test name="Default test" duration-ms="90" started-at="2018-04-15T02:45:49Z" finished-at="2018-04-15T02:45:49Z">
      <class name="com.cdl.automator.XMLValidator">
        <test-method status="PASS" signature="xmlTest()[pri:0, instance:com.cdl.automator.XMLValidator@610694f1]" name="xmlTest" duration-ms="70" started-at="2018-04-15T08:15:49Z" finished-at="2018-04-15T08:15:49Z">
          <reporter-output>
          </reporter-output>
        </test-method> <!-- xmlTest -->
      </class> <!-- com.cdl.automator.XMLValidator -->
    </test> <!-- Default test -->
  </suite> <!-- Default suite -->
</testng-results>
